  [1m[35m (39.5ms)[0m  [1m[34mSELECT sqlite_version(*)[0m
  [1m[35m (0.1ms)[0m  [1m[34mSELECT sqlite_version(*)[0m
  [1m[35m (4.1ms)[0m  [1m[34mSELECT sqlite_version(*)[0m
  [1m[35m (14.5ms)[0m  [1m[35mCREATE TABLE "schema_migrations" ("version" varchar NOT NULL PRIMARY KEY)[0m
  [1m[35m (12.8ms)[0m  [1m[35mCREATE TABLE "ar_internal_metadata" ("key" varchar NOT NULL PRIMARY KEY, "value" varchar, "created_at" datetime(6) NOT NULL, "updated_at" datetime(6) NOT NULL)[0m
  [1m[35m (2.1ms)[0m  [1m[34mSELECT "schema_migrations"."version" FROM "schema_migrations" ORDER BY "schema_migrations"."version" ASC[0m
Migrating to CreateStudents (20220411200948)
  [1m[36mTRANSACTION (0.1ms)[0m  [1m[36mbegin transaction[0m
  [1m[35m (5.2ms)[0m  [1m[35mCREATE TABLE "students" ("id" integer PRIMARY KEY AUTOINCREMENT NOT NULL, "Fname" varchar, "Lname" varchar, "email" varchar, "studentid" integer, "created_at" datetime(6) NOT NULL, "updated_at" datetime(6) NOT NULL)[0m
  [1m[36mActiveRecord::SchemaMigration Create (1.5ms)[0m  [1m[32mINSERT INTO "schema_migrations" ("version") VALUES (?)[0m  [["version", "20220411200948"]]
  [1m[36mTRANSACTION (10.2ms)[0m  [1m[36mcommit transaction[0m
Migrating to CreateTeams (20220411201044)
  [1m[36mTRANSACTION (0.1ms)[0m  [1m[36mbegin transaction[0m
  [1m[35m (5.4ms)[0m  [1m[35mCREATE TABLE "teams" ("id" integer PRIMARY KEY AUTOINCREMENT NOT NULL, "name" varchar, "created_at" datetime(6) NOT NULL, "updated_at" datetime(6) NOT NULL)[0m
  [1m[36mActiveRecord::SchemaMigration Create (2.0ms)[0m  [1m[32mINSERT INTO "schema_migrations" ("version") VALUES (?)[0m  [["version", "20220411201044"]]
  [1m[36mTRANSACTION (10.7ms)[0m  [1m[36mcommit transaction[0m
Migrating to CreateReviews (20220411201124)
  [1m[36mTRANSACTION (0.1ms)[0m  [1m[36mbegin transaction[0m
  [1m[35m (6.3ms)[0m  [1m[35mCREATE TABLE "reviews" ("id" integer PRIMARY KEY AUTOINCREMENT NOT NULL, "projectno" integer, "studentid" integer, "personalscore" integer, "workscore" integer, "comment" varchar, "created_at" datetime(6) NOT NULL, "updated_at" datetime(6) NOT NULL)[0m
  [1m[36mActiveRecord::SchemaMigration Create (1.8ms)[0m  [1m[32mINSERT INTO "schema_migrations" ("version") VALUES (?)[0m  [["version", "20220411201124"]]
  [1m[36mTRANSACTION (12.4ms)[0m  [1m[36mcommit transaction[0m
Migrating to CreateProjects (20220411201142)
  [1m[36mTRANSACTION (0.1ms)[0m  [1m[36mbegin transaction[0m
  [1m[35m (7.2ms)[0m  [1m[35mCREATE TABLE "projects" ("id" integer PRIMARY KEY AUTOINCREMENT NOT NULL, "name" varchar, "desc" varchar, "created_at" datetime(6) NOT NULL, "updated_at" datetime(6) NOT NULL)[0m
  [1m[36mActiveRecord::SchemaMigration Create (2.5ms)[0m  [1m[32mINSERT INTO "schema_migrations" ("version") VALUES (?)[0m  [["version", "20220411201142"]]
  [1m[36mTRANSACTION (13.4ms)[0m  [1m[36mcommit transaction[0m
  [1m[36mActiveRecord::InternalMetadata Load (2.1ms)[0m  [1m[34mSELECT "ar_internal_metadata".* FROM "ar_internal_metadata" WHERE "ar_internal_metadata"."key" = ? LIMIT ?[0m  [["key", "environment"], ["LIMIT", 1]]
  [1m[36mTRANSACTION (0.1ms)[0m  [1m[36mbegin transaction[0m
  [1m[36mActiveRecord::InternalMetadata Create (6.8ms)[0m  [1m[32mINSERT INTO "ar_internal_metadata" ("key", "value", "created_at", "updated_at") VALUES (?, ?, ?, ?)[0m  [["key", "environment"], ["value", "development"], ["created_at", "2022-04-11 20:13:56.807986"], ["updated_at", "2022-04-11 20:13:56.807986"]]
  [1m[36mTRANSACTION (11.8ms)[0m  [1m[36mcommit transaction[0m
  [1m[35m (0.1ms)[0m  [1m[34mSELECT sqlite_version(*)[0m
  [1m[35m (2.2ms)[0m  [1m[34mSELECT "schema_migrations"."version" FROM "schema_migrations" ORDER BY "schema_migrations"."version" ASC[0m
Started GET "/" for 127.0.0.1 at 2022-04-11 20:14:49 +0000
  [1m[35m (6.7ms)[0m  [1m[34mSELECT sqlite_version(*)[0m
  [1m[35m (1.9ms)[0m  [1m[34mSELECT "schema_migrations"."version" FROM "schema_migrations" ORDER BY "schema_migrations"."version" ASC[0m
Processing by StudentsController#index as HTML
Completed 500 Internal Server Error in 167ms (ActiveRecord: 0.0ms | Allocations: 7015)


  
NoMethodError (undefined method `belong_to' for Student:Class
Did you mean?  belongs_to):
  
app/models/student.rb:2:in `<class:Student>'
app/models/student.rb:1:in `<main>'
app/controllers/students_controller.rb:6:in `index'
Started GET "/" for 127.0.0.1 at 2022-04-11 20:15:20 +0000
  [1m[35m (5.7ms)[0m  [1m[34mSELECT sqlite_version(*)[0m
  [1m[35m (2.2ms)[0m  [1m[34mSELECT "schema_migrations"."version" FROM "schema_migrations" ORDER BY "schema_migrations"."version" ASC[0m
Processing by StudentsController#index as HTML
  Rendering layout layouts/application.html.erb
  Rendering students/index.html.erb within layouts/application
  [1m[36mStudent Load (1.7ms)[0m  [1m[34mSELECT "students".* FROM "students"[0m
  ↳ app/views/students/index.html.erb:17
  Rendered students/index.html.erb within layouts/application (Duration: 13.1ms | Allocations: 1736)
[Webpacker] Compiling...
[Webpacker] Compilation failed:
yarn run v1.22.18
info Visit https://yarnpkg.com/en/docs/cli/run for documentation about this command.


error Command "webpack" not found.

  Rendered layout layouts/application.html.erb (Duration: 3618.1ms | Allocations: 31671)
Completed 500 Internal Server Error in 3855ms (ActiveRecord: 1.7ms | Allocations: 39070)


  
ActionView::Template::Error (Webpacker can't find application.js in /code/Project6_RubyOnRailsProject_Group-9/PeerEvaluationTool/public/packs/manifest.json. Possible causes:
1. You want to set webpacker.yml value of compile to true for your environment
   unless you are using the `webpack -w` or the webpack-dev-server.
2. webpack has not yet re-run to reflect updates.
3. You have misconfigured Webpacker's config/webpacker.yml file.
4. Your webpack configuration is not creating a manifest.
Your manifest contains:
{
}
):
     7:     <%= csp_meta_tag %>
     8: 
     9:     <%= stylesheet_link_tag 'application', media: 'all', 'data-turbolinks-track': 'reload' %>
    10:     <%= javascript_pack_tag 'application', 'data-turbolinks-track': 'reload' %>
    11:   </head>
    12: 
    13:   <body>
  
app/views/layouts/application.html.erb:10
Started GET "/" for 127.0.0.1 at 2022-04-11 20:23:10 +0000
  [1m[35m (5.5ms)[0m  [1m[34mSELECT sqlite_version(*)[0m
  [1m[35m (2.0ms)[0m  [1m[34mSELECT "schema_migrations"."version" FROM "schema_migrations" ORDER BY "schema_migrations"."version" ASC[0m
Processing by StudentsController#index as HTML
  Rendering layout layouts/application.html.erb
  Rendering students/index.html.erb within layouts/application
  [1m[36mStudent Load (2.0ms)[0m  [1m[34mSELECT "students".* FROM "students"[0m
  ↳ app/views/students/index.html.erb:17
  Rendered students/index.html.erb within layouts/application (Duration: 21.0ms | Allocations: 1703)
[Webpacker] Compiling...
[Webpacker] Compiled all packs in /code/Project6_RubyOnRailsProject_Group-9/PeerEvaluationTool/public/packs
[Webpacker] Hash: 2034dd941d5476d8645c
Version: webpack 4.46.0
Time: 26699ms
Built at: 04/11/2022 8:23:55 PM
                                     Asset       Size       Chunks                         Chunk Names
    js/application-3dd0dc24d9c39bc09227.js    125 KiB  application  [emitted] [immutable]  application
js/application-3dd0dc24d9c39bc09227.js.map    139 KiB  application  [emitted] [dev]        application
                             manifest.json  364 bytes               [emitted]              
Entrypoint application = js/application-3dd0dc24d9c39bc09227.js js/application-3dd0dc24d9c39bc09227.js.map
[./app/javascript/channels sync recursive _channel\.js$] ./app/javascript/channels sync _channel\.js$ 160 bytes {application} [built]
[./app/javascript/channels/index.js] 211 bytes {application} [built]
[./app/javascript/packs/application.js] 492 bytes {application} [built]
[./node_modules/webpack/buildin/module.js] (webpack)/buildin/module.js 552 bytes {application} [built]
    + 3 hidden modules

  Rendered layout layouts/application.html.erb (Duration: 44573.8ms | Allocations: 12511)
Completed 200 OK in 44744ms (Views: 44606.9ms | ActiveRecord: 2.0ms | Allocations: 19204)


Started GET "/students" for 127.0.0.1 at 2022-04-11 20:23:57 +0000
Processing by StudentsController#index as HTML
  Rendering layout layouts/application.html.erb
  Rendering students/index.html.erb within layouts/application
  [1m[36mStudent Load (1.9ms)[0m  [1m[34mSELECT "students".* FROM "students"[0m
  ↳ app/views/students/index.html.erb:17
  Rendered students/index.html.erb within layouts/application (Duration: 5.0ms | Allocations: 830)
[Webpacker] Everything's up-to-date. Nothing to do
  Rendered layout layouts/application.html.erb (Duration: 185.8ms | Allocations: 4525)
Completed 200 OK in 188ms (Views: 185.2ms | ActiveRecord: 1.9ms | Allocations: 5093)


Started GET "/students/new" for 127.0.0.1 at 2022-04-11 20:23:59 +0000
Processing by StudentsController#new as HTML
  Rendering layout layouts/application.html.erb
  Rendering students/new.html.erb within layouts/application
  Rendered students/_form.html.erb (Duration: 317.0ms | Allocations: 5865)
  Rendered students/new.html.erb within layouts/application (Duration: 336.9ms | Allocations: 6354)
[Webpacker] Everything's up-to-date. Nothing to do
  Rendered layout layouts/application.html.erb (Duration: 585.3ms | Allocations: 10049)
Completed 200 OK in 613ms (Views: 586.5ms | ActiveRecord: 7.3ms | Allocations: 14317)


Started POST "/students" for 127.0.0.1 at 2022-04-11 20:24:29 +0000
Processing by StudentsController#create as HTML
  Parameters: {"authenticity_token"=>"[FILTERED]", "student"=>{"Fname"=>"Michael", "Lname"=>"Bodnar", "email"=>"bodnar.65@osu.edu", "studentid"=>"500376420"}, "commit"=>"Create Student"}
  Rendering layout layouts/application.html.erb
  Rendering students/new.html.erb within layouts/application
  Rendered students/_form.html.erb (Duration: 6.7ms | Allocations: 1772)
  Rendered students/new.html.erb within layouts/application (Duration: 7.9ms | Allocations: 1891)
[Webpacker] Everything's up-to-date. Nothing to do
  Rendered layout layouts/application.html.erb (Duration: 207.4ms | Allocations: 5518)
Completed 422 Unprocessable Entity in 388ms (Views: 210.0ms | ActiveRecord: 0.0ms | Allocations: 12707)


Started GET "/teams" for 127.0.0.1 at 2022-04-11 20:24:36 +0000
Processing by TeamsController#index as HTML
  Rendering layout layouts/application.html.erb
  Rendering teams/index.html.erb within layouts/application
  [1m[36mTeam Load (3.0ms)[0m  [1m[34mSELECT "teams".* FROM "teams"[0m
  ↳ app/views/teams/index.html.erb:14
  Rendered teams/index.html.erb within layouts/application (Duration: 12.6ms | Allocations: 1200)
[Webpacker] Everything's up-to-date. Nothing to do
  Rendered layout layouts/application.html.erb (Duration: 220.0ms | Allocations: 4974)
Completed 200 OK in 289ms (Views: 224.0ms | ActiveRecord: 3.0ms | Allocations: 7659)


Started GET "/teams/new" for 127.0.0.1 at 2022-04-11 20:24:39 +0000
Processing by TeamsController#new as HTML
  Rendering layout layouts/application.html.erb
  Rendering teams/new.html.erb within layouts/application
  Rendered teams/_form.html.erb (Duration: 7.7ms | Allocations: 1021)
  Rendered teams/new.html.erb within layouts/application (Duration: 25.5ms | Allocations: 1372)
[Webpacker] Everything's up-to-date. Nothing to do
  Rendered layout layouts/application.html.erb (Duration: 250.6ms | Allocations: 5019)
Completed 200 OK in 288ms (Views: 252.5ms | ActiveRecord: 11.0ms | Allocations: 7639)


Started POST "/teams" for 127.0.0.1 at 2022-04-11 20:24:51 +0000
Processing by TeamsController#create as HTML
  Parameters: {"authenticity_token"=>"[FILTERED]", "team"=>{"name"=>"Group 9"}, "commit"=>"Create Team"}
  [1m[36mTRANSACTION (0.2ms)[0m  [1m[36mbegin transaction[0m
  ↳ app/controllers/teams_controller.rb:27:in `block in create'
  [1m[36mTeam Create (11.2ms)[0m  [1m[32mINSERT INTO "teams" ("name", "created_at", "updated_at") VALUES (?, ?, ?)[0m  [["name", "Group 9"], ["created_at", "2022-04-11 20:24:51.705388"], ["updated_at", "2022-04-11 20:24:51.705388"]]
  ↳ app/controllers/teams_controller.rb:27:in `block in create'
  [1m[36mTRANSACTION (17.2ms)[0m  [1m[36mcommit transaction[0m
  ↳ app/controllers/teams_controller.rb:27:in `block in create'
Redirected to http://127.0.0.1:3000/teams/1
Completed 302 Found in 48ms (ActiveRecord: 28.6ms | Allocations: 3334)


Started GET "/teams/1" for 127.0.0.1 at 2022-04-11 20:24:51 +0000
Processing by TeamsController#show as HTML
  Parameters: {"id"=>"1"}
  [1m[36mTeam Load (2.6ms)[0m  [1m[34mSELECT "teams".* FROM "teams" WHERE "teams"."id" = ? LIMIT ?[0m  [["id", 1], ["LIMIT", 1]]
  ↳ app/controllers/teams_controller.rb:63:in `set_team'
  Rendering layout layouts/application.html.erb
  Rendering teams/show.html.erb within layouts/application
  Rendered teams/show.html.erb within layouts/application (Duration: 7.2ms | Allocations: 323)
[Webpacker] Everything's up-to-date. Nothing to do
  Rendered layout layouts/application.html.erb (Duration: 218.2ms | Allocations: 4032)
Completed 200 OK in 251ms (Views: 219.6ms | ActiveRecord: 2.6ms | Allocations: 6055)


Started GET "/teams" for 127.0.0.1 at 2022-04-11 20:24:56 +0000
Processing by TeamsController#index as HTML
  Rendering layout layouts/application.html.erb
  Rendering teams/index.html.erb within layouts/application
  [1m[36mTeam Load (2.6ms)[0m  [1m[34mSELECT "teams".* FROM "teams"[0m
  ↳ app/views/teams/index.html.erb:14
  Rendered teams/index.html.erb within layouts/application (Duration: 10.3ms | Allocations: 854)
[Webpacker] Everything's up-to-date. Nothing to do
  Rendered layout layouts/application.html.erb (Duration: 221.7ms | Allocations: 4532)
Completed 200 OK in 226ms (Views: 221.7ms | ActiveRecord: 2.6ms | Allocations: 5049)


Started GET "/students" for 127.0.0.1 at 2022-04-11 20:25:02 +0000
Processing by StudentsController#index as HTML
  Rendering layout layouts/application.html.erb
  Rendering students/index.html.erb within layouts/application
  [1m[36mStudent Load (2.8ms)[0m  [1m[34mSELECT "students".* FROM "students"[0m
  ↳ app/views/students/index.html.erb:17
  Rendered students/index.html.erb within layouts/application (Duration: 6.4ms | Allocations: 723)
[Webpacker] Everything's up-to-date. Nothing to do
  Rendered layout layouts/application.html.erb (Duration: 251.6ms | Allocations: 4275)
Completed 200 OK in 254ms (Views: 250.2ms | ActiveRecord: 2.8ms | Allocations: 4737)


Started GET "/students/new" for 127.0.0.1 at 2022-04-11 20:25:04 +0000
Processing by StudentsController#new as HTML
  Rendering layout layouts/application.html.erb
  Rendering students/new.html.erb within layouts/application
  Rendered students/_form.html.erb (Duration: 2.2ms | Allocations: 1155)
  Rendered students/new.html.erb within layouts/application (Duration: 3.3ms | Allocations: 1276)
[Webpacker] Everything's up-to-date. Nothing to do
  Rendered layout layouts/application.html.erb (Duration: 189.9ms | Allocations: 4925)
Completed 200 OK in 192ms (Views: 191.2ms | ActiveRecord: 0.0ms | Allocations: 5410)


Started POST "/students" for 127.0.0.1 at 2022-04-11 20:25:07 +0000
Processing by StudentsController#create as HTML
  Parameters: {"authenticity_token"=>"[FILTERED]", "student"=>{"Fname"=>"awd", "Lname"=>"awd", "email"=>"awda", "studentid"=>"123"}, "commit"=>"Create Student"}
  Rendering layout layouts/application.html.erb
  Rendering students/new.html.erb within layouts/application
  Rendered students/_form.html.erb (Duration: 7.7ms | Allocations: 1548)
  Rendered students/new.html.erb within layouts/application (Duration: 8.7ms | Allocations: 1659)
[Webpacker] Everything's up-to-date. Nothing to do
  Rendered layout layouts/application.html.erb (Duration: 241.9ms | Allocations: 5134)
Completed 422 Unprocessable Entity in 247ms (Views: 243.7ms | ActiveRecord: 0.0ms | Allocations: 6328)


Started GET "/projects" for 127.0.0.1 at 2022-04-11 20:25:16 +0000
Processing by ProjectsController#index as HTML
  Rendering layout layouts/application.html.erb
  Rendering projects/index.html.erb within layouts/application
  [1m[36mProject Load (2.0ms)[0m  [1m[34mSELECT "projects".* FROM "projects"[0m
  ↳ app/views/projects/index.html.erb:15
  Rendered projects/index.html.erb within layouts/application (Duration: 9.7ms | Allocations: 1216)
[Webpacker] Everything's up-to-date. Nothing to do
  Rendered layout layouts/application.html.erb (Duration: 191.3ms | Allocations: 4952)
Completed 200 OK in 252ms (Views: 196.7ms | ActiveRecord: 2.0ms | Allocations: 6678)


Started GET "/" for 127.0.0.1 at 2022-04-11 20:26:01 +0000
  [1m[35m (7.8ms)[0m  [1m[34mSELECT sqlite_version(*)[0m
  [1m[35m (2.4ms)[0m  [1m[34mSELECT "schema_migrations"."version" FROM "schema_migrations" ORDER BY "schema_migrations"."version" ASC[0m
Processing by StudentsController#index as HTML
  Rendering layout layouts/application.html.erb
  Rendering students/index.html.erb within layouts/application
  [1m[36mStudent Load (2.3ms)[0m  [1m[34mSELECT "students".* FROM "students"[0m
  ↳ app/views/students/index.html.erb:17
  Rendered students/index.html.erb within layouts/application (Duration: 20.0ms | Allocations: 1706)
[Webpacker] Everything's up-to-date. Nothing to do
  Rendered layout layouts/application.html.erb (Duration: 671.8ms | Allocations: 11119)
Completed 200 OK in 910ms (Views: 715.6ms | ActiveRecord: 2.3ms | Allocations: 17970)


Started GET "/students/new" for 127.0.0.1 at 2022-04-11 20:26:04 +0000
Processing by StudentsController#new as HTML
  Rendering layout layouts/application.html.erb
  Rendering students/new.html.erb within layouts/application
  Rendered students/_form.html.erb (Duration: 47.4ms | Allocations: 3784)
  Rendered students/new.html.erb within layouts/application (Duration: 65.7ms | Allocations: 4195)
[Webpacker] Everything's up-to-date. Nothing to do
  Rendered layout layouts/application.html.erb (Duration: 217.4ms | Allocations: 8000)
Completed 200 OK in 267ms (Views: 220.0ms | ActiveRecord: 13.2ms | Allocations: 12388)


Started GET "/team" for 127.0.0.1 at 2022-04-11 20:26:11 +0000
  
ActionController::RoutingError (No route matches [GET] "/team"):
  
Started GET "/teams" for 127.0.0.1 at 2022-04-11 20:26:14 +0000
Processing by TeamsController#index as HTML
  Rendering layout layouts/application.html.erb
  Rendering teams/index.html.erb within layouts/application
  [1m[36mTeam Load (2.9ms)[0m  [1m[34mSELECT "teams".* FROM "teams"[0m
  ↳ app/views/teams/index.html.erb:14
  Rendered teams/index.html.erb within layouts/application (Duration: 29.7ms | Allocations: 3408)
[Webpacker] Everything's up-to-date. Nothing to do
  Rendered layout layouts/application.html.erb (Duration: 236.3ms | Allocations: 7202)
Completed 200 OK in 302ms (Views: 229.5ms | ActiveRecord: 14.2ms | Allocations: 9905)


Started GET "/students" for 127.0.0.1 at 2022-04-11 20:26:23 +0000
Processing by StudentsController#index as HTML
  Rendering layout layouts/application.html.erb
  Rendering students/index.html.erb within layouts/application
  [1m[36mStudent Load (4.0ms)[0m  [1m[34mSELECT "students".* FROM "students"[0m
  ↳ app/views/students/index.html.erb:17
  Rendered students/index.html.erb within layouts/application (Duration: 15.1ms | Allocations: 722)
[Webpacker] Everything's up-to-date. Nothing to do
  Rendered layout layouts/application.html.erb (Duration: 307.6ms | Allocations: 4276)
Completed 200 OK in 312ms (Views: 306.4ms | ActiveRecord: 4.0ms | Allocations: 4801)


Started GET "/students/new" for 127.0.0.1 at 2022-04-11 20:26:24 +0000
Processing by StudentsController#new as HTML
  Rendering layout layouts/application.html.erb
  Rendering students/new.html.erb within layouts/application
  Rendered students/_form.html.erb (Duration: 3.9ms | Allocations: 1155)
  Rendered students/new.html.erb within layouts/application (Duration: 5.8ms | Allocations: 1276)
[Webpacker] Everything's up-to-date. Nothing to do
  Rendered layout layouts/application.html.erb (Duration: 284.2ms | Allocations: 4939)
Completed 200 OK in 289ms (Views: 286.8ms | ActiveRecord: 0.0ms | Allocations: 5409)


Started POST "/students" for 127.0.0.1 at 2022-04-11 20:26:29 +0000
Processing by StudentsController#create as HTML
  Parameters: {"authenticity_token"=>"[FILTERED]", "student"=>{"Fname"=>"asdf", "Lname"=>"asdf", "email"=>"asdf", "studentid"=>"123"}, "commit"=>"Create Student"}
  Rendering layout layouts/application.html.erb
  Rendering students/new.html.erb within layouts/application
  Rendered students/_form.html.erb (Duration: 4.3ms | Allocations: 1771)
  Rendered students/new.html.erb within layouts/application (Duration: 5.7ms | Allocations: 1890)
[Webpacker] Everything's up-to-date. Nothing to do
  Rendered layout layouts/application.html.erb (Duration: 240.4ms | Allocations: 5517)
Completed 422 Unprocessable Entity in 388ms (Views: 241.9ms | ActiveRecord: 0.0ms | Allocations: 11154)


Started GET "/projects" for 127.0.0.1 at 2022-04-11 20:26:46 +0000
Processing by ProjectsController#index as HTML
  Rendering layout layouts/application.html.erb
  Rendering projects/index.html.erb within layouts/application
  [1m[36mProject Load (2.4ms)[0m  [1m[34mSELECT "projects".* FROM "projects"[0m
  ↳ app/views/projects/index.html.erb:15
  Rendered projects/index.html.erb within layouts/application (Duration: 12.1ms | Allocations: 1221)
[Webpacker] Everything's up-to-date. Nothing to do
  Rendered layout layouts/application.html.erb (Duration: 198.5ms | Allocations: 5013)
Completed 200 OK in 241ms (Views: 202.0ms | ActiveRecord: 2.4ms | Allocations: 6718)


Started GET "/projects/new" for 127.0.0.1 at 2022-04-11 20:26:47 +0000
Processing by ProjectsController#new as HTML
  Rendering layout layouts/application.html.erb
  Rendering projects/new.html.erb within layouts/application
  Rendered projects/_form.html.erb (Duration: 11.5ms | Allocations: 1275)
  Rendered projects/new.html.erb within layouts/application (Duration: 36.7ms | Allocations: 1622)
[Webpacker] Everything's up-to-date. Nothing to do
  Rendered layout layouts/application.html.erb (Duration: 248.2ms | Allocations: 5168)
Completed 200 OK in 293ms (Views: 250.5ms | ActiveRecord: 17.7ms | Allocations: 8160)


Started POST "/projects" for 127.0.0.1 at 2022-04-11 20:26:56 +0000
Processing by ProjectsController#create as HTML
  Parameters: {"authenticity_token"=>"[FILTERED]", "project"=>{"name"=>"Project 1", "desc"=>"asdf"}, "commit"=>"Create Project"}
  [1m[36mTRANSACTION (0.1ms)[0m  [1m[36mbegin transaction[0m
  ↳ app/controllers/projects_controller.rb:27:in `block in create'
  [1m[36mProject Create (11.4ms)[0m  [1m[32mINSERT INTO "projects" ("name", "desc", "created_at", "updated_at") VALUES (?, ?, ?, ?)[0m  [["name", "Project 1"], ["desc", "asdf"], ["created_at", "2022-04-11 20:26:56.050040"], ["updated_at", "2022-04-11 20:26:56.050040"]]
  ↳ app/controllers/projects_controller.rb:27:in `block in create'
  [1m[36mTRANSACTION (12.8ms)[0m  [1m[36mcommit transaction[0m
  ↳ app/controllers/projects_controller.rb:27:in `block in create'
Redirected to http://127.0.0.1:3000/projects/1
Completed 302 Found in 42ms (ActiveRecord: 24.3ms | Allocations: 3179)


Started GET "/projects/1" for 127.0.0.1 at 2022-04-11 20:26:56 +0000
Processing by ProjectsController#show as HTML
  Parameters: {"id"=>"1"}
  [1m[36mProject Load (2.8ms)[0m  [1m[34mSELECT "projects".* FROM "projects" WHERE "projects"."id" = ? LIMIT ?[0m  [["id", 1], ["LIMIT", 1]]
  ↳ app/controllers/projects_controller.rb:63:in `set_project'
  Rendering layout layouts/application.html.erb
  Rendering projects/show.html.erb within layouts/application
  Rendered projects/show.html.erb within layouts/application (Duration: 6.7ms | Allocations: 342)
[Webpacker] Everything's up-to-date. Nothing to do
  Rendered layout layouts/application.html.erb (Duration: 188.7ms | Allocations: 4061)
Completed 200 OK in 229ms (Views: 190.5ms | ActiveRecord: 2.8ms | Allocations: 6067)


Started GET "/projects" for 127.0.0.1 at 2022-04-11 20:27:02 +0000
Processing by ProjectsController#index as HTML
  Rendering layout layouts/application.html.erb
  Rendering projects/index.html.erb within layouts/application
  [1m[36mProject Load (2.7ms)[0m  [1m[34mSELECT "projects".* FROM "projects"[0m
  ↳ app/views/projects/index.html.erb:15
  Rendered projects/index.html.erb within layouts/application (Duration: 7.3ms | Allocations: 852)
[Webpacker] Everything's up-to-date. Nothing to do
  Rendered layout layouts/application.html.erb (Duration: 207.9ms | Allocations: 4508)
Completed 200 OK in 211ms (Views: 207.2ms | ActiveRecord: 2.7ms | Allocations: 5010)


Started GET "/teams" for 127.0.0.1 at 2022-04-11 20:27:06 +0000
Processing by TeamsController#index as HTML
  Rendering layout layouts/application.html.erb
  Rendering teams/index.html.erb within layouts/application
  [1m[36mTeam Load (2.8ms)[0m  [1m[34mSELECT "teams".* FROM "teams"[0m
  ↳ app/views/teams/index.html.erb:14
  Rendered teams/index.html.erb within layouts/application (Duration: 7.3ms | Allocations: 818)
[Webpacker] Everything's up-to-date. Nothing to do
  Rendered layout layouts/application.html.erb (Duration: 227.6ms | Allocations: 4371)
Completed 200 OK in 232ms (Views: 227.4ms | ActiveRecord: 2.8ms | Allocations: 4833)


Started GET "/review" for 127.0.0.1 at 2022-04-11 20:27:51 +0000
  
ActionController::RoutingError (No route matches [GET] "/review"):
  
Started GET "/reviews" for 127.0.0.1 at 2022-04-11 20:27:52 +0000
Processing by ReviewsController#index as HTML
  Rendering layout layouts/application.html.erb
  Rendering reviews/index.html.erb within layouts/application
  [1m[36mReview Load (2.4ms)[0m  [1m[34mSELECT "reviews".* FROM "reviews"[0m
  ↳ app/views/reviews/index.html.erb:18
  Rendered reviews/index.html.erb within layouts/application (Duration: 11.5ms | Allocations: 1265)
[Webpacker] Everything's up-to-date. Nothing to do
  Rendered layout layouts/application.html.erb (Duration: 252.3ms | Allocations: 5019)
Completed 200 OK in 316ms (Views: 257.7ms | ActiveRecord: 2.4ms | Allocations: 6874)


Started GET "/reviews/new" for 127.0.0.1 at 2022-04-11 20:27:54 +0000
Processing by ReviewsController#new as HTML
  Rendering layout layouts/application.html.erb
  Rendering reviews/new.html.erb within layouts/application
  Rendered reviews/_form.html.erb (Duration: 10.4ms | Allocations: 2037)
  Rendered reviews/new.html.erb within layouts/application (Duration: 31.9ms | Allocations: 2386)
[Webpacker] Everything's up-to-date. Nothing to do
  Rendered layout layouts/application.html.erb (Duration: 212.0ms | Allocations: 5944)
Completed 200 OK in 257ms (Views: 213.5ms | ActiveRecord: 11.5ms | Allocations: 10280)


  [1m[35m (8.6ms)[0m  [1m[34mSELECT sqlite_version(*)[0m
  [1m[35m (2.2ms)[0m  [1m[34mSELECT "schema_migrations"."version" FROM "schema_migrations" ORDER BY "schema_migrations"."version" ASC[0m
  [1m[36mActiveRecord::InternalMetadata Load (2.7ms)[0m  [1m[34mSELECT "ar_internal_metadata".* FROM "ar_internal_metadata" WHERE "ar_internal_metadata"."key" = ? LIMIT ?[0m  [["key", "environment"], ["LIMIT", 1]]
  [1m[35m (0.2ms)[0m  [1m[34mSELECT sqlite_version(*)[0m
  [1m[35m (3.1ms)[0m  [1m[34mSELECT "schema_migrations"."version" FROM "schema_migrations" ORDER BY "schema_migrations"."version" ASC[0m
